<?xml version="1.0" encoding="UTF-8"?>
<testsuite xmlns:xsi="http://www.w3.org/2001/XMLSchema-instance" xsi:noNamespaceSchemaLocation="https://maven.apache.org/surefire/maven-surefire-plugin/xsd/surefire-test-report.xsd" name="ru.mail.bagapov99.CalculatorTest" time="23.183" tests="3" errors="0" skipped="0" failures="0">
  <properties>
[...]
</properties>
  <testcase name="zeroDivisionTest" classname="ru.mail.bagapov99.CalculatorTest" time="9.043"/>
  <testcase name="notValueErrorTest" classname="ru.mail.bagapov99.CalculatorTest" time="6.838"/>
  <testcase name="integerTest" classname="ru.mail.bagapov99.CalculatorTest" time="6.983"/>
</testsuite>